2019-02-17 09:31:15,335 [1] INFO Booksonic_Editor.Editor - Booksonic Library Editor loaded
2019-02-17 09:32:30,754 [1] INFO Booksonic_Editor.Editor - Booksonic Library Editor loaded
2019-02-17 09:33:26,475 [1] INFO Booksonic_Editor.Editor - Booksonic Library Editor loaded
2019-02-17 09:34:09,845 [1] INFO Booksonic_Editor.Editor - Booksonic Library Editor loaded
2019-02-17 09:35:48,335 [1] INFO Booksonic_Editor.Editor - Booksonic Library Editor loaded
2019-02-17 10:10:01,053 [1] INFO Booksonic_Editor.Editor - Booksonic Library Editor loaded
2019-02-17 10:10:59,793 [1] INFO Booksonic_Editor.Editor - Booksonic Library Editor loaded
2019-02-17 10:16:55,688 [1] INFO Booksonic_Editor.Editor - Booksonic Library Editor loaded
2019-02-17 10:17:51,514 [1] INFO Booksonic_Editor.Editor - Booksonic Library Editor loaded
2019-02-17 10:20:04,757 [1] INFO Booksonic_Editor.Editor - Booksonic Library Editor loaded
2019-02-17 10:22:36,430 [1] INFO Booksonic_Editor.Editor - Booksonic Library Editor loaded
2019-02-17 10:25:45,678 [1] INFO Booksonic_Editor.Editor - Booksonic Library Editor loaded
2019-02-17 10:30:00,985 [1] INFO Booksonic_Editor.Editor - Booksonic Library Editor loaded
2019-02-17 10:33:15,920 [1] INFO Booksonic_Editor.Editor - Booksonic Library Editor loaded
2019-02-17 10:37:20,549 [1] INFO Booksonic_Editor.Editor - Booksonic Library Editor loaded
2019-02-17 10:39:22,344 [1] INFO Booksonic_Editor.Editor - Booksonic Library Editor loaded
2019-02-17 10:39:53,535 [1] INFO Booksonic_Editor.Editor - Booksonic Library Editor loaded
2019-02-17 10:45:43,828 [1] INFO Booksonic_Editor.Editor - Booksonic Library Editor loaded
2019-02-17 10:46:46,604 [1] INFO Booksonic_Editor.Editor - Booksonic Library Editor loaded
2019-02-17 10:49:58,327 [1] INFO Booksonic_Editor.Editor - Booksonic Library Editor loaded
2019-02-17 10:52:40,974 [1] INFO Booksonic_Editor.Editor - Booksonic Library Editor loaded
2019-02-17 10:54:24,284 [1] INFO Booksonic_Editor.Editor - Booksonic Library Editor loaded
2019-02-17 10:55:42,408 [1] INFO Booksonic_Editor.Editor - Booksonic Library Editor loaded
2019-02-17 10:56:54,979 [1] INFO Booksonic_Editor.Editor - Booksonic Library Editor loaded
2019-02-17 10:58:19,760 [1] INFO Booksonic_Editor.Editor - Booksonic Library Editor loaded
2019-02-17 11:01:58,277 [1] INFO Booksonic_Editor.Editor - Booksonic Library Editor loaded
2019-02-17 11:03:24,720 [1] INFO Booksonic_Editor.Editor - Booksonic Library Editor loaded
2019-02-17 11:09:28,179 [1] INFO Booksonic_Editor.Editor - Booksonic Library Editor loaded
2019-02-17 11:12:07,013 [1] INFO Booksonic_Editor.Editor - Booksonic Library Editor loaded
2019-02-17 11:12:59,256 [1] INFO Booksonic_Editor.Editor - Booksonic Library Editor loaded
2019-02-17 11:18:14,440 [1] INFO Booksonic_Editor.Editor - Booksonic Library Editor loaded
2019-02-17 11:23:26,462 [1] INFO Booksonic_Editor.Editor - Booksonic Library Editor loaded
2019-02-17 11:25:18,796 [1] INFO Booksonic_Editor.Editor - Booksonic Library Editor loaded
2019-02-17 11:26:31,902 [1] INFO Booksonic_Editor.Editor - Booksonic Library Editor loaded
2019-02-17 11:27:56,358 [1] INFO Booksonic_Editor.Editor - Booksonic Library Editor loaded
2019-02-17 11:29:51,088 [1] INFO Booksonic_Editor.Editor - Booksonic Library Editor loaded
2019-02-17 11:33:14,232 [1] INFO Booksonic_Editor.Editor - Booksonic Library Editor loaded
2019-02-17 11:35:14,716 [1] INFO Booksonic_Editor.Editor - Booksonic Library Editor loaded
2019-02-17 11:36:40,243 [1] INFO Booksonic_Editor.Editor - Booksonic Library Editor loaded
2019-02-17 11:39:07,209 [1] INFO Booksonic_Editor.Editor - Booksonic Library Editor loaded
2019-02-17 11:43:37,252 [1] INFO Booksonic_Editor.Editor - Booksonic Library Editor loaded
2019-02-17 11:52:27,314 [1] INFO Booksonic_Editor.Editor - Booksonic Library Editor loaded
2019-02-17 11:54:23,697 [1] INFO Booksonic_Editor.Editor - Booksonic Library Editor loaded
2019-02-17 11:57:10,126 [1] INFO Booksonic_Editor.Editor - Booksonic Library Editor loaded
2019-02-17 11:57:43,064 [1] INFO Booksonic_Editor.Editor - Booksonic Library Editor loaded
2019-02-17 11:59:36,828 [1] INFO Booksonic_Editor.Editor - Booksonic Library Editor loaded
2019-02-17 12:03:59,728 [1] INFO Booksonic_Editor.Editor - Booksonic Library Editor loaded
2019-02-17 12:05:34,471 [1] INFO Booksonic_Editor.Editor - Booksonic Library Editor loaded
2019-02-17 12:07:18,636 [1] INFO Booksonic_Editor.Editor - Booksonic Library Editor loaded
2019-02-17 12:07:39,746 [1] INFO Booksonic_Editor.Editor - Booksonic Library Editor loaded
2019-02-17 12:08:01,920 [1] INFO Booksonic_Editor.Editor - Booksonic Library Editor loaded
2019-02-17 12:08:54,836 [1] INFO Booksonic_Editor.Editor - Booksonic Library Editor loaded
2019-02-17 12:11:29,308 [1] INFO Booksonic_Editor.Editor - Booksonic Library Editor loaded
2019-02-17 12:11:51,512 [1] INFO Booksonic_Editor.Editor - Booksonic Library Editor loaded
2019-02-17 12:13:40,691 [1] INFO Booksonic_Editor.Editor - Booksonic Library Editor loaded
2019-02-17 12:15:39,464 [1] INFO Booksonic_Editor.Editor - Booksonic Library Editor loaded
2019-02-17 12:16:09,540 [1] INFO Booksonic_Editor.Editor - Booksonic Library Editor loaded
2019-02-17 12:16:33,303 [1] INFO Booksonic_Editor.Editor - Booksonic Library Editor loaded
2019-02-17 12:17:57,083 [1] INFO Booksonic_Editor.Editor - Booksonic Library Editor loaded
2019-02-17 12:18:57,334 [1] INFO Booksonic_Editor.Editor - Booksonic Library Editor loaded
2019-02-17 12:19:13,391 [1] INFO Booksonic_Editor.Editor - Booksonic Library Editor loaded
2019-02-17 12:21:14,646 [1] INFO Booksonic_Editor.Editor - Booksonic Library Editor loaded
2019-02-17 12:23:06,087 [1] INFO Booksonic_Editor.Editor - Booksonic Library Editor loaded
2019-02-17 12:28:58,036 [1] INFO Booksonic_Editor.Editor - Booksonic Library Editor loaded
2019-02-17 12:29:56,788 [1] INFO Booksonic_Editor.Editor - Booksonic Library Editor loaded
2019-02-17 12:30:55,644 [1] INFO Booksonic_Editor.Editor - Booksonic Library Editor loaded
2019-02-17 12:31:13,646 [1] INFO Booksonic_Editor.Editor - Booksonic Library Editor loaded
2019-02-17 12:33:39,889 [1] INFO Booksonic_Editor.Editor - Booksonic Library Editor loaded
2019-02-17 12:34:09,214 [1] INFO Booksonic_Editor.Editor - Booksonic Library Editor loaded
2019-02-17 12:34:59,464 [1] INFO Booksonic_Editor.Editor - Booksonic Library Editor loaded
2019-02-17 12:35:12,099 [1] INFO Booksonic_Editor.Editor - Booksonic Library Editor loaded
2019-02-17 12:36:10,388 [1] INFO Booksonic_Editor.Editor - Booksonic Library Editor loaded
2019-02-17 12:36:32,467 [1] INFO Booksonic_Editor.Editor - Booksonic Library Editor loaded
2019-02-17 12:37:14,290 [1] INFO Booksonic_Editor.Editor - Booksonic Library Editor loaded
2019-02-17 12:37:40,226 [1] INFO Booksonic_Editor.Editor - Booksonic Library Editor loaded
2019-02-17 12:38:05,021 [1] INFO Booksonic_Editor.Editor - Booksonic Library Editor loaded
2019-02-17 12:39:49,308 [1] INFO Booksonic_Editor.Editor - Booksonic Library Editor loaded
2019-02-17 12:40:36,121 [1] INFO Booksonic_Editor.Editor - Booksonic Library Editor loaded
2019-02-17 12:42:44,625 [1] INFO Booksonic_Editor.Editor - Booksonic Library Editor loaded
2019-02-17 12:43:33,633 [1] INFO Booksonic_Editor.Editor - Booksonic Library Editor loaded
2019-02-17 12:44:09,200 [1] INFO Booksonic_Editor.Editor - Booksonic Library Editor loaded
2019-02-17 12:44:25,721 [1] INFO Booksonic_Editor.Editor - Booksonic Library Editor loaded
2019-02-17 12:46:59,788 [1] INFO Booksonic_Editor.Editor - Booksonic Library Editor loaded
2019-02-17 12:47:43,265 [1] INFO Booksonic_Editor.Editor - Booksonic Library Editor loaded
2019-02-17 12:50:44,386 [1] INFO Booksonic_Editor.Editor - Booksonic Library Editor loaded
2019-02-17 12:52:04,543 [1] INFO Booksonic_Editor.Editor - Booksonic Library Editor loaded
2019-02-17 12:52:32,242 [1] INFO Booksonic_Editor.Editor - Booksonic Library Editor loaded
2019-02-17 12:54:51,169 [1] INFO Booksonic_Editor.Editor - Booksonic Library Editor loaded
2019-02-17 12:57:13,667 [1] INFO Booksonic_Editor.Editor - Booksonic Library Editor loaded
2019-02-17 12:57:52,693 [1] INFO Booksonic_Editor.Editor - Booksonic Library Editor loaded
2019-02-17 12:59:07,595 [1] INFO Booksonic_Editor.Editor - Booksonic Library Editor loaded
2019-02-17 12:59:35,244 [1] INFO Booksonic_Editor.Editor - Booksonic Library Editor loaded
2019-02-17 13:02:11,884 [1] INFO Booksonic_Editor.Editor - Booksonic Library Editor loaded
2019-02-17 13:03:09,432 [1] INFO Booksonic_Editor.Editor - Booksonic Library Editor loaded
2019-02-17 13:04:23,081 [1] INFO Booksonic_Editor.Editor - Booksonic Library Editor loaded
2019-02-17 13:04:43,131 [1] INFO Booksonic_Editor.Editor - Booksonic Library Editor loaded
2019-02-17 13:04:58,719 [1] INFO Booksonic_Editor.Editor - Booksonic Library Editor loaded
2019-02-17 13:06:08,896 [1] INFO Booksonic_Editor.Editor - Booksonic Library Editor loaded
2019-02-17 13:06:29,017 [1] INFO Booksonic_Editor.Editor - Booksonic Library Editor loaded
2019-02-17 13:07:25,722 [1] INFO Booksonic_Editor.Editor - Booksonic Library Editor loaded
2019-02-17 13:07:59,649 [1] INFO Booksonic_Editor.Editor - Booksonic Library Editor loaded
2019-02-17 13:10:18,640 [1] INFO Booksonic_Editor.Editor - Booksonic Library Editor loaded
2019-02-17 13:17:15,291 [1] INFO Booksonic_Editor.Editor - Booksonic Library Editor loaded
2019-02-17 13:17:48,526 [1] INFO Booksonic_Editor.Editor - Booksonic Library Editor loaded
2019-02-17 13:24:17,898 [1] INFO Booksonic_Editor.Editor - Booksonic Library Editor loaded
2019-02-17 13:28:43,953 [1] INFO Booksonic_Editor.Editor - Booksonic Library Editor loaded
2019-02-17 13:30:44,151 [1] INFO Booksonic_Editor.Editor - Booksonic Library Editor loaded
2019-02-18 16:22:25,209 [1] INFO Booksonic_Editor.Editor - Booksonic Library Editor loaded
2019-02-18 16:30:19,135 [1] INFO Booksonic_Editor.Editor - Booksonic Library Editor loaded
2019-02-18 16:48:00,564 [1] INFO Booksonic_Editor.Editor - Booksonic Library Editor loaded
2019-02-18 16:56:00,662 [1] INFO Booksonic_Editor.Editor - Booksonic Library Editor loaded
2019-02-18 16:56:24,900 [1] INFO Booksonic_Editor.Editor - Booksonic Library Editor loaded
2019-02-18 17:03:03,681 [1] INFO Booksonic_Editor.Editor - Booksonic Library Editor loaded
2019-02-18 17:07:19,157 [1] INFO Booksonic_Editor.Editor - Booksonic Library Editor loaded
2019-02-18 17:09:37,561 [1] INFO Booksonic_Editor.Editor - Booksonic Library Editor loaded
2019-02-18 17:10:21,514 [1] INFO Booksonic_Editor.Editor - Booksonic Library Editor loaded
2019-02-18 17:10:51,041 [1] INFO Booksonic_Editor.Editor - Booksonic Library Editor loaded
2019-02-18 17:11:22,306 [1] INFO Booksonic_Editor.Editor - Booksonic Library Editor loaded
2019-02-18 17:11:55,203 [1] INFO Booksonic_Editor.Editor - Booksonic Library Editor loaded
2019-02-18 17:14:36,316 [1] INFO Booksonic_Editor.Editor - Booksonic Library Editor loaded
2019-02-18 17:19:27,584 [1] INFO Booksonic_Editor.Editor - Booksonic Library Editor loaded
2019-02-18 17:19:52,176 [1] INFO Booksonic_Editor.Editor - Booksonic Library Editor loaded
2019-02-18 17:20:21,331 [1] INFO Booksonic_Editor.Editor - Booksonic Library Editor loaded
2019-02-18 17:20:41,688 [1] INFO Booksonic_Editor.Editor - Booksonic Library Editor loaded
2019-02-18 17:24:40,785 [1] INFO Booksonic_Editor.Editor - Booksonic Library Editor loaded
2019-02-18 17:28:45,017 [1] INFO Booksonic_Editor.Editor - Booksonic Library Editor loaded
2019-02-18 17:29:43,389 [1] INFO Booksonic_Editor.Editor - Booksonic Library Editor loaded
2019-02-18 17:31:02,594 [1] INFO Booksonic_Editor.Editor - Booksonic Library Editor loaded
2019-02-18 17:32:45,881 [1] INFO Booksonic_Editor.Editor - Booksonic Library Editor loaded
2019-02-18 17:35:04,342 [1] INFO Booksonic_Editor.Editor - Booksonic Library Editor loaded
2019-02-18 17:35:45,187 [1] INFO Booksonic_Editor.Editor - Booksonic Library Editor loaded
2019-02-18 17:36:42,696 [1] INFO Booksonic_Editor.Editor - Booksonic Library Editor loaded
2019-02-18 17:38:17,123 [1] INFO Booksonic_Editor.Editor - Booksonic Library Editor loaded
2019-02-18 17:39:42,847 [1] INFO Booksonic_Editor.Editor - Booksonic Library Editor loaded
2019-02-19 18:39:38,485 [1] INFO Booksonic_Editor.Editor - Booksonic Library Editor loaded
2019-02-19 18:43:50,336 [1] INFO Booksonic_Editor.Editor - Booksonic Library Editor loaded
2019-02-19 18:45:02,463 [1] ERROR Booksonic_Editor.Editor - System.UnauthorizedAccessException: Access to the path '\cover.jpg' is denied.
   at System.IO.__Error.WinIOError(Int32 errorCode, String maybeFullPath)
   at System.IO.File.InternalCopy(String sourceFileName, String destFileName, Boolean overwrite, Boolean checkHost)
   at Booksonic_Editor.Editor.save_button_Click(Object sender, EventArgs e) in E:\Users\Chris\Documents\GitHub\booksonic-library-editor\Booksonic Editor\Editor.cs:line 633
2019-02-19 18:45:16,011 [1] ERROR Booksonic_Editor.Editor - System.UnauthorizedAccessException: Access to the path '\cover.jpg' is denied.
   at System.IO.__Error.WinIOError(Int32 errorCode, String maybeFullPath)
   at System.IO.File.InternalCopy(String sourceFileName, String destFileName, Boolean overwrite, Boolean checkHost)
   at Booksonic_Editor.Editor.save_button_Click(Object sender, EventArgs e) in E:\Users\Chris\Documents\GitHub\booksonic-library-editor\Booksonic Editor\Editor.cs:line 633
2019-02-19 18:48:29,308 [1] INFO Booksonic_Editor.Editor - Booksonic Library Editor loaded
